Environment variables:
  - =D:=D:\Workspace\runtime-EclipseApplication\git\BhuviRepo\CCAPOmega
  - ALLUSERSPROFILE=C:\ProgramData
  - APPDATA=C:\Users\368837\AppData\Roaming
  - COMPUTERNAME=PC237361
  - ComSpec=C:\WINDOWS\system32\cmd.exe
  - CommonProgramFiles=C:\Program Files\Common Files
  - CommonProgramFiles(x86)=C:\Program Files (x86)\Common Files
  - CommonProgramW6432=C:\Program Files\Common Files
  - DEFLOGDIR=C:\ProgramData\McAfee\DesktopProtection
  - ERROR_CODE=0
  - FP_NO_HOST_CHECK=NO
  - HOMEDRIVE=C:
  - HOMEPATH=\Users\368837
  - JAVA_EXEC="D:\DataBackup\DDrive\aa\jdk1.8.0_91\bin\java.exe"
  - JAVA_HOME=D:\DataBackup\DDrive\aa\jdk1.8.0_91
  - JAVA_OPTS=-XX:MaxPermSize=512m
  - JRE_HOME=D:\DataBackup\DDrive\aa\jdk1.8.0_91\jre
  - LOCALAPPDATA=C:\Users\368837\AppData\Local
  - LOGONSERVER=\\CTSINMMCVADB
  - M2_Home=D:\DataBackup\DDrive\aa\apache-maven-3.2.1\apache-maven-3.2.1
  - NUMBER_OF_PROCESSORS=4
  - OS=Windows_NT
  - PATHEXT=.COM;.EXE;.BAT;.CMD;.VBS;.VBE;.JS;.JSE;.WSF;.WSH;.MSC
  - PROCESSOR_ARCHITECTURE=AMD64
  - PROCESSOR_IDENTIFIER=Intel64 Family 6 Model 42 Stepping 7, GenuineIntel
  - PROCESSOR_LEVEL=6
  - PROCESSOR_REVISION=2a07
  - PROJECT_HOME=D:\Workspace\runtime-EclipseApplication\git\BhuviRepo\CCAPOmega
  - PROMPT=$P$G
  - PSModulePath=C:\WINDOWS\system32\WindowsPowerShell\v1.0\Modules\
  - PUBLIC=C:\Users\Public
  - Path=C:\Program Files\Java\jre7\bin;C:\Windows\System32;D:\Git\cmd;D:\DataBackup\DDrive\aa\jdk1.8.0_91\bin;D:\DataBackup\DDrive\aa\apache-maven-3.2.1\apache-maven-3.2.1\bin;D:\DataBackup\DDrive\aa\jdk1.8.0_91\jre\bin
  - ProgramData=C:\ProgramData
  - ProgramFiles=C:\Program Files
  - ProgramFiles(x86)=C:\Program Files (x86)
  - ProgramW6432=C:\Program Files
  - SONAR_RUNNER_HOME=D:\Development_Avecto\sonar-runner-2.4_prod\bin\..
  - SystemDrive=C:
  - SystemRoot=C:\WINDOWS
  - TEMP=C:\Users\368837\AppData\Local\Temp
  - TMP=C:\Users\368837\AppData\Local\Temp
  - UATDATA=C:\WINDOWS\CCM\UATData\D9F8C395-CAB8-491d-B8AC-179A1FE1BE77
  - USERDNSDOMAIN=CTS.COM
  - USERDOMAIN=CTS
  - USERDOMAIN_ROAMINGPROFILE=CTS
  - USERNAME=368837
  - USERPROFILE=C:\Users\368837
  - VSEDEFLOGDIR=C:\ProgramData\McAfee\DesktopProtection
  - windir=C:\WINDOWS
  - windows_tracing_flags=3
  - windows_tracing_logfile=C:\BVTBin\Tests\installpackage\csilogfile.log
System properties:
  - ROOT_LOGGER_LEVEL=DEBUG
  - awt.toolkit=sun.awt.windows.WToolkit
  - file.encoding=Cp1252
  - file.encoding.pkg=sun.io
  - file.separator=\
  - java.awt.graphicsenv=sun.awt.Win32GraphicsEnvironment
  - java.awt.printerjob=sun.awt.windows.WPrinterJob
  - java.class.path=D:\Development_Avecto\sonar-runner-2.4_prod\bin\..\lib\sonar-runner-dist-2.4.jar
  - java.class.version=52.0
  - java.endorsed.dirs=D:\DataBackup\DDrive\aa\jdk1.8.0_91\jre\lib\endorsed
  - java.ext.dirs=D:\DataBackup\DDrive\aa\jdk1.8.0_91\jre\lib\ext;C:\WINDOWS\Sun\Java\lib\ext
  - java.home=D:\DataBackup\DDrive\aa\jdk1.8.0_91\jre
  - java.io.tmpdir=C:\Users\368837\AppData\Local\Temp\
  - java.library.path=D:\DataBackup\DDrive\aa\jdk1.8.0_91\bin;C:\WINDOWS\Sun\Java\bin;C:\WINDOWS\system32;C:\WINDOWS;C:\Program Files\Java\jre7\bin;C:\Windows\System32;D:\Git\cmd;D:\DataBackup\DDrive\aa\jdk1.8.0_91\bin;D:\DataBackup\DDrive\aa\apache-maven-3.2.1\apache-maven-3.2.1\bin;D:\DataBackup\DDrive\aa\jdk1.8.0_91\jre\bin;.
  - java.runtime.name=Java(TM) SE Runtime Environment
  - java.runtime.version=1.8.0_91-b14
  - java.specification.name=Java Platform API Specification
  - java.specification.vendor=Oracle Corporation
  - java.specification.version=1.8
  - java.vendor=Oracle Corporation
  - java.vendor.url=http://java.oracle.com/
  - java.vendor.url.bug=http://bugreport.sun.com/bugreport/
  - java.version=1.8.0_91
  - java.vm.info=mixed mode
  - java.vm.name=Java HotSpot(TM) 64-Bit Server VM
  - java.vm.specification.name=Java Virtual Machine Specification
  - java.vm.specification.vendor=Oracle Corporation
  - java.vm.specification.version=1.8
  - java.vm.vendor=Oracle Corporation
  - java.vm.version=25.91-b14
  - line.separator=

  - os.arch=amd64
  - os.name=Windows 7
  - os.version=6.1
  - path.separator=;
  - project.home=D:\Workspace\runtime-EclipseApplication\git\BhuviRepo\CCAPOmega
  - runner.home=D:\Development_Avecto\sonar-runner-2.4_prod\bin\..
  - sun.arch.data.model=64
  - sun.boot.class.path=D:\DataBackup\DDrive\aa\jdk1.8.0_91\jre\lib\resources.jar;D:\DataBackup\DDrive\aa\jdk1.8.0_91\jre\lib\rt.jar;D:\DataBackup\DDrive\aa\jdk1.8.0_91\jre\lib\sunrsasign.jar;D:\DataBackup\DDrive\aa\jdk1.8.0_91\jre\lib\jsse.jar;D:\DataBackup\DDrive\aa\jdk1.8.0_91\jre\lib\jce.jar;D:\DataBackup\DDrive\aa\jdk1.8.0_91\jre\lib\charsets.jar;D:\DataBackup\DDrive\aa\jdk1.8.0_91\jre\lib\jfr.jar;D:\DataBackup\DDrive\aa\jdk1.8.0_91\jre\classes
  - sun.boot.library.path=D:\DataBackup\DDrive\aa\jdk1.8.0_91\jre\bin
  - sun.cpu.endian=little
  - sun.cpu.isalist=amd64
  - sun.desktop=windows
  - sun.io.unicode.encoding=UnicodeLittle
  - sun.java.command=org.sonar.runner.Main -X
  - sun.java.launcher=SUN_STANDARD
  - sun.jnu.encoding=Cp1252
  - sun.management.compiler=HotSpot 64-Bit Tiered Compilers
  - sun.os.patch.level=Service Pack 1
  - sun.stderr.encoding=cp437
  - sun.stdout.encoding=cp437
  - user.country=US
  - user.dir=D:\Workspace\runtime-EclipseApplication\git\BhuviRepo\CCAPOmega
  - user.home=C:\Users\368837
  - user.language=en
  - user.name=368837
  - user.script=
  - user.timezone=Asia/Calcutta
  - user.variant=
SonarQube plugins:
  - CCAP PMD Plugin 5.1 (ccappmdplugin)
  - ReSharper 2.0 (resharper)
  - SonarQube PMD Plugin 2.6 (pmd)
  - Android 1.1 (android)
  - Branding 1.0 (branding)
  - CCAP sqale Plugin 4.0 (ccapsqaleplugin)
  - SVN 1.3 (scmsvn)
  - SonarJS 2.21.0.4409 (javascript)
  - C# 5.0 (csharp)
  - Findbugs 3.4.4 (findbugs)
  - Java 4.6.0.8784 (java)
  - LDAP 1.4 (ldap)
  - Git 1.2 (scmgit)
  - file-level-analysis-server-plugin 4.0 (filelevelanalysisserverplugin)
  - Checkstyle 3.5.1 (checkstyle)
  - VB.NET 3.0.3.346 (vbnet)
  - ccapvalidation 1.0.0 (ccapvalidation)
Global properties:
  - email.from=ccapsupport@cognizant.com
  - email.prefix=[CCAP]
  - email.smtp_host.secured=******
  - email.smtp_password.secured=******
  - email.smtp_port.secured=******
  - email.smtp_username.secured=******
  - sonar.branding.logo.location=TOP
  - sonar.core.id=20170510202033
  - sonar.core.serverBaseURL=http://10.223.66.65:9000
  - sonar.core.startTime=2017-05-10T20:20:33+0530
  - sonar.core.version=5.6.5
  - sonar.devcockpit.licenseHash.secured=******
  - sonar.forceAuthentication=true
  - sonar.lf.logoUrl=http://ccap.cognizant.com/CCAPWeb/images/ccap.png
  - sonar.permission.template.default=default_template
  - sonar.qualitygate=2
  - sonar.scm.disabled=true
Settings for module: com.cognizant.internal.gtointernal.ccap.59911.masterprojectkey.java
  - sonar.host.url=http://10.223.66.65:9000
  - sonar.java.binaries=target
  - sonar.login=******
  - sonar.password=******
  - sonar.projectBaseDir=D:\Workspace\runtime-EclipseApplication\git\BhuviRepo\CCAPOmega
  - sonar.projectKey=com.cognizant.internal.gtointernal.ccap.59911.masterprojectkey.java
  - sonar.projectName=CCAPOmega_MasterProject
  - sonar.projectVersion=CCAPOmega+1492066884370
  - sonar.sourceEncoding=windows-1252
  - sonar.sources=src
  - sonar.verbose=true
  - sonar.working.directory=D:\Workspace\runtime-EclipseApplication\git\BhuviRepo\CCAPOmega\.sonar1492066884373
